[2025-08-16 16:53:47] [INFO    ] discord.client: logging in using static token
[2025-08-16 16:53:48] [DEBUG   ] discord.http: GET https://discord.com/api/v10/users/@me with None has returned 200
[2025-08-16 16:53:48] [DEBUG   ] discord.http: GET /users/@me has found its initial rate limit bucket hash (78bb8553d9352a5a2f89f9def401287a).
[2025-08-16 16:53:48] [DEBUG   ] discord.http: GET https://discord.com/api/v10/users/@me has received {'id': '1406366965580431481', 'username': 'Crypto_Market_Analyzer', 'avatar': None, 'discriminator': '2976', 'public_flags': 0, 'flags': 0, 'bot': True, 'banner': None, 'accent_color': None, 'global_name': None, 'avatar_decoration_data': None, 'collectibles': None, 'display_name_styles': None, 'banner_color': None, 'clan': None, 'primary_guild': None, 'mfa_enabled': True, 'locale': 'en-US', 'premium_type': 0, 'email': None, 'verified': True, 'bio': ''}
[2025-08-16 16:53:48] [DEBUG   ] discord.http: GET https://discord.com/api/v10/oauth2/applications/@me with None has returned 200
[2025-08-16 16:53:48] [DEBUG   ] discord.http: GET /oauth2/applications/@me has found its initial rate limit bucket hash (d28a133af187e91d71d96a223467ce49).
[2025-08-16 16:53:48] [DEBUG   ] discord.http: GET https://discord.com/api/v10/oauth2/applications/@me has received {'id': '1406366965580431481', 'name': 'Crypto_Market_Analyzer', 'icon': None, 'description': 'I provide information on Crypto-Currency market. I will send announcement about trends in the Crypto-Market, serve as a coin-lookup, and will provide information on user-inputted investment amounts for any particular coin over a projected time frame. ', 'type': None, 'bot': {'id': '1406366965580431481', 'username': 'Crypto_Market_Analyzer', 'avatar': None, 'discriminator': '2976', 'public_flags': 0, 'flags': 0, 'bot': True, 'banner': None, 'accent_color': None, 'global_name': None, 'avatar_decoration_data': None, 'collectibles': None, 'display_name_styles': None, 'banner_color': None, 'clan': None, 'primary_guild': None}, 'summary': '', 'is_monetized': False, 'is_verified': False, 'is_discoverable': False, 'bot_public': True, 'bot_require_code_grant': False, 'install_params': {'scopes': ['applications.commands'], 'permissions': '0'}, 'integration_types_config': {'0': {'oauth2_install_params': {'scopes': ['applications.commands'], 'permissions': '0'}}, '1': {'oauth2_install_params': {'scopes': ['applications.commands'], 'permissions': '0'}}}, 'verify_key': '1912bcd0c93418279a271cdff5e30dec50d5c361bc40540078ac7fd74849dfd9', 'flags': 557056, 'hook': True, 'storefront_available': False, 'redirect_uris': [], 'interactions_endpoint_url': None, 'role_connections_verification_url': None, 'owner': {'id': '353692175256780800', 'username': 'memorex7668', 'avatar': 'f486a11c866feefc022395cde19e9e08', 'discriminator': '0', 'public_flags': 0, 'flags': 0, 'banner': None, 'accent_color': 65514, 'global_name': 'memorex', 'avatar_decoration_data': None, 'collectibles': None, 'display_name_styles': None, 'banner_color': '#00ffea', 'clan': None, 'primary_guild': None}, 'approximate_guild_count': 0, 'approximate_user_install_count': 0, 'approximate_user_authorization_count': 0, 'interactions_event_types': [], 'interactions_version': 1, 'explicit_content_filter': 0, 'rpc_application_state': 0, 'store_application_state': 1, 'verification_state': 1, 'integration_public': True, 'integration_require_code_grant': False, 'discoverability_state': 1, 'discovery_eligibility_flags': 2276, 'monetization_state': 1, 'verification_eligibility_flags': 123804, 'monetization_eligibility_flags': 247524, 'team': None, 'internal_guild_restriction': 2, 'approved_consoles': []}
[2025-08-16 16:53:48] [DEBUG   ] discord.gateway: Created websocket connected to wss://gateway.discord.gg/
[2025-08-16 16:53:48] [DEBUG   ] discord.gateway: For Shard ID None: WebSocket Event: {'t': None, 's': None, 'op': 10, 'd': {'heartbeat_interval': 41250, '_trace': ['["gateway-prd-arm-us-east1-b-51l6",{"micros":0.0}]']}}
[2025-08-16 16:53:48] [DEBUG   ] discord.gateway: Shard ID None has sent the IDENTIFY payload.
[2025-08-16 16:53:48] [DEBUG   ] discord.gateway: For Shard ID None: WebSocket Event: {'t': None, 's': None, 'op': 11, 'd': None}
[2025-08-16 16:53:48] [DEBUG   ] discord.gateway: For Shard ID None: WebSocket Event: {'t': 'READY', 's': 1, 'op': 0, 'd': {'v': 10, 'user_settings': {}, 'user': {'verified': True, 'username': 'Crypto_Market_Analyzer', 'primary_guild': None, 'mfa_enabled': True, 'id': '1406366965580431481', 'global_name': None, 'flags': 0, 'email': None, 'discriminator': '2976', 'clan': None, 'bot': True, 'avatar': None}, 'session_type': 'normal', 'session_id': '373a6cf894ec7aafe6c897c613501b40', 'resume_gateway_url': 'wss://gateway-us-east1-b.discord.gg', 'relationships': [], 'private_channels': [], 'presences': [], 'guilds': [{'unavailable': True, 'id': '1406364059049136240'}], 'guild_join_requests': [], 'geo_ordered_rtc_regions': ['newark', 'us-east', 'us-central', 'atlanta', 'us-south'], 'game_relationships': [], 'auth': {}, 'application': {'id': '1406366965580431481', 'flags': 557056}, '_trace': ['["gateway-prd-arm-us-east1-b-51l6",{"micros":212390,"calls":["id_created",{"micros":678,"calls":[]},"session_lookup_time",{"micros":286,"calls":[]},"session_lookup_finished",{"micros":10,"calls":[]},"discord-sessions-prd-2-82",{"micros":211171,"calls":["start_session",{"micros":209125,"calls":["discord-api-rpc-5799564f4f-47hhs",{"micros":184261,"calls":["get_user",{"micros":5454},"get_guilds",{"micros":4289},"send_scheduled_deletion_message",{"micros":12},"guild_join_requests",{"micros":10},"authorized_ip_coro",{"micros":12},"pending_payments",{"micros":10394},"apex_experiments",{"micros":5921},"user_activities",{"micros":5},"played_application_ids",{"micros":3}]}]},"starting_guild_connect",{"micros":52,"calls":[]},"presence_started",{"micros":410,"calls":[]},"guilds_started",{"micros":59,"calls":[]},"lobbies_started",{"micros":2,"calls":[]},"guilds_connect",{"micros":1,"calls":[]},"presence_connect",{"micros":1496,"calls":[]},"connect_finished",{"micros":1499,"calls":[]},"build_ready",{"micros":22,"calls":[]},"clean_ready",{"micros":0,"calls":[]},"optimize_ready",{"micros":0,"calls":[]},"split_ready",{"micros":1,"calls":[]}]}]}]']}}
[2025-08-16 16:53:48] [DEBUG   ] discord.client: Dispatching event socket_event_type
[2025-08-16 16:53:48] [INFO    ] discord.gateway: Shard ID None has connected to Gateway (Session ID: 373a6cf894ec7aafe6c897c613501b40).
[2025-08-16 16:53:48] [DEBUG   ] discord.client: Dispatching event connect
[2025-08-16 16:53:48] [DEBUG   ] discord.gateway: For Shard ID None: WebSocket Event: {'t': 'GUILD_CREATE', 's': 2, 'op': 0, 'd': {'banner': None, 'voice_states': [], 'soundboard_sounds': [], 'premium_subscription_count': 0, 'unavailable': False, 'verification_level': 0, 'roles': [{'version': 1755373720828, 'unicode_emoji': None, 'tags': {}, 'position': 0, 'permissions': '2248473465835073', 'name': '@everyone', 'mentionable': False, 'managed': False, 'id': '1406364059049136240', 'icon': None, 'hoist': False, 'flags': 0, 'colors': {'tertiary_color': None, 'secondary_color': None, 'primary_color': 0}, 'color': 0}, {'version': 1755375254131, 'unicode_emoji': None, 'tags': {'bot_id': '1406366965580431481'}, 'position': 1, 'permissions': '563259191577664', 'name': 'Crypto_Market_Analyzer', 'mentionable': False, 'managed': True, 'id': '1406370490561462436', 'icon': None, 'hoist': False, 'flags': 0, 'colors': {'tertiary_color': None, 'secondary_color': None, 'primary_color': 0}, 'color': 0}], 'icon': None, 'profile': None, 'premium_tier': 0, 'rules_channel_id': None, 'vanity_url_code': None, 'max_stage_video_channel_users': 50, 'latest_onboarding_question_id': None, 'discovery_splash': None, 'incidents_data': None, 'owner_configured_content_level': 0, 'application_id': None, 'id': '1406364059049136240', 'max_members': 25000000, 'preferred_locale': 'en-US', 'name': 'CrytpoBot', 'afk_timeout': 300, 'owner_id': '353692175256780800', 'stickers': [], 'threads': [], 'stage_instances': [], 'public_updates_channel_id': None, 'default_message_notifications': 0, 'channels': [{'version': 1755373720839, 'type': 4, 'position': 0, 'permission_overwrites': [], 'name': 'Text Channels', 'id': '1406364059787591773', 'flags': 0}, {'version': 1755373720850, 'type': 4, 'position': 0, 'permission_overwrites': [], 'name': 'Voice Channels', 'id': '1406364059787591775', 'flags': 0}, {'version': 1755373720869, 'type': 0, 'topic': None, 'rate_limit_per_user': 0, 'position': 0, 'permission_overwrites': [], 'parent_id': '1406364059787591773', 'name': 'general', 'last_message_id': '1406379450807095326', 'id': '1406364059787591776', 'icon_emoji': {'name': 'üëã', 'id': None}, 'flags': 0}, {'version': 1755373720887, 'user_limit': 0, 'type': 2, 'rtc_region': None, 'rate_limit_per_user': 0, 'position': 0, 'permission_overwrites': [], 'parent_id': '1406364059787591775', 'name': 'General', 'last_message_id': None, 'id': '1406364059787591777', 'icon_emoji': {'name': 'üéô', 'id': None}, 'flags': 0, 'bitrate': 64000}], 'presences': [], 'system_channel_flags': 0, 'splash': None, 'moderator_reporting': None, 'activity_instances': [], 'application_command_counts': {}, 'description': None, 'region': 'deprecated', 'inventory_settings': None, 'premium_features': None, 'max_video_channel_users': 25, 'large': False, 'system_channel_id': '1406364059787591776', 'member_count': 2, 'afk_channel_id': None, 'home_header': None, 'explicit_content_filter': 0, 'joined_at': '2025-08-16T20:14:14.158956+00:00', 'guild_scheduled_events': [], 'emojis': [], 'members': [{'user': {'username': 'Crypto_Market_Analyzer', 'public_flags': 0, 'primary_guild': None, 'id': '1406366965580431481', 'global_name': None, 'display_name_styles': None, 'display_name': None, 'discriminator': '2976', 'collectibles': None, 'bot': True, 'avatar_decoration_data': None, 'avatar': None}, 'roles': ['1406370490561462436'], 'premium_since': None, 'pending': False, 'nick': None, 'mute': False, 'joined_at': '2025-08-16T20:14:14.158956+00:00', 'flags': 0, 'deaf': False, 'communication_disabled_until': None, 'banner': None, 'avatar': None}], 'premium_progress_bar_enabled': False, 'safety_alerts_channel_id': None, 'nsfw': False, 'lazy': True, 'features': [], 'version': 1755373720902, 'mfa_level': 0, 'hub_type': None, 'nsfw_level': 0, 'embedded_activities': []}}
[2025-08-16 16:53:48] [DEBUG   ] discord.client: Dispatching event socket_event_type
[2025-08-16 16:53:48] [DEBUG   ] discord.gateway: For Shard ID None: WebSocket Event: {'t': 'GUILD_MEMBERS_CHUNK', 's': 3, 'op': 0, 'd': {'nonce': 'ddc31aee553e6577a9da1ba4d28dd9c3', 'members': [{'user': {'username': 'memorex7668', 'public_flags': 0, 'primary_guild': None, 'id': '353692175256780800', 'global_name': 'memorex', 'display_name_styles': None, 'display_name': 'memorex', 'discriminator': '0', 'collectibles': None, 'bot': False, 'avatar_decoration_data': None, 'avatar': 'f486a11c866feefc022395cde19e9e08'}, 'roles': [], 'premium_since': None, 'pending': False, 'nick': None, 'mute': False, 'joined_at': '2025-08-16T19:48:40.690000+00:00', 'flags': 0, 'deaf': False, 'communication_disabled_until': None, 'banner': None, 'avatar': None}, {'user': {'username': 'Crypto_Market_Analyzer', 'public_flags': 0, 'primary_guild': None, 'id': '1406366965580431481', 'global_name': None, 'display_name_styles': None, 'display_name': None, 'discriminator': '2976', 'collectibles': None, 'bot': True, 'avatar_decoration_data': None, 'avatar': None}, 'roles': ['1406370490561462436'], 'premium_since': None, 'pending': False, 'nick': None, 'mute': False, 'joined_at': '2025-08-16T20:14:14.158956+00:00', 'flags': 0, 'deaf': False, 'communication_disabled_until': None, 'banner': None, 'avatar': None}], 'guild_id': '1406364059049136240', 'chunk_index': 0, 'chunk_count': 1}}
[2025-08-16 16:53:48] [DEBUG   ] discord.client: Dispatching event socket_event_type
[2025-08-16 16:53:48] [DEBUG   ] discord.state: Processed a chunk for 2 members in guild ID 1406364059049136240.
[2025-08-16 16:53:50] [DEBUG   ] discord.client: Dispatching event guild_available
[2025-08-16 16:53:50] [DEBUG   ] discord.client: Dispatching event ready
[2025-08-16 16:53:54] [DEBUG   ] discord.gateway: For Shard ID None: WebSocket Event: {'t': 'TYPING_START', 's': 4, 'op': 0, 'd': {'user_id': '353692175256780800', 'timestamp': 1755377636, 'member': {'user': {'username': 'memorex7668', 'public_flags': 0, 'primary_guild': None, 'id': '353692175256780800', 'global_name': 'memorex', 'display_name_styles': None, 'display_name': 'memorex', 'discriminator': '0', 'collectibles': None, 'bot': False, 'avatar_decoration_data': None, 'avatar': 'f486a11c866feefc022395cde19e9e08'}, 'roles': [], 'premium_since': None, 'pending': False, 'nick': None, 'mute': False, 'joined_at': '2025-08-16T19:48:40.690000+00:00', 'flags': 0, 'deaf': False, 'communication_disabled_until': None, 'banner': None, 'avatar': None}, 'channel_id': '1406364059787591776', 'guild_id': '1406364059049136240'}}
[2025-08-16 16:53:54] [DEBUG   ] discord.client: Dispatching event socket_event_type
[2025-08-16 16:53:54] [DEBUG   ] discord.client: Dispatching event typing
[2025-08-16 16:53:54] [DEBUG   ] discord.client: Dispatching event raw_typing
[2025-08-16 16:54:00] [DEBUG   ] discord.gateway: For Shard ID None: WebSocket Event: {'t': 'MESSAGE_CREATE', 's': 5, 'op': 0, 'd': {'type': 0, 'tts': False, 'timestamp': '2025-08-16T20:54:01.796000+00:00', 'pinned': False, 'nonce': '1406380498300698624', 'mentions': [], 'mention_roles': [], 'mention_everyone': False, 'member': {'roles': [], 'premium_since': None, 'pending': False, 'nick': None, 'mute': False, 'joined_at': '2025-08-16T19:48:40.690000+00:00', 'flags': 0, 'deaf': False, 'communication_disabled_until': None, 'banner': None, 'avatar': None}, 'id': '1406380505494192253', 'flags': 0, 'embeds': [], 'edited_timestamp': None, 'content': '!poll testing the polling function?', 'components': [], 'channel_type': 0, 'channel_id': '1406364059787591776', 'author': {'username': 'memorex7668', 'public_flags': 0, 'primary_guild': None, 'id': '353692175256780800', 'global_name': 'memorex', 'display_name_styles': None, 'discriminator': '0', 'collectibles': None, 'clan': None, 'avatar_decoration_data': None, 'avatar': 'f486a11c866feefc022395cde19e9e08'}, 'attachments': [], 'guild_id': '1406364059049136240'}}
[2025-08-16 16:54:00] [DEBUG   ] discord.client: Dispatching event socket_event_type
[2025-08-16 16:54:00] [DEBUG   ] discord.client: Dispatching event message
[2025-08-16 16:54:07] [DEBUG   ] discord.gateway: For Shard ID None: WebSocket Event: {'t': 'TYPING_START', 's': 6, 'op': 0, 'd': {'user_id': '353692175256780800', 'timestamp': 1755377649, 'member': {'user': {'username': 'memorex7668', 'public_flags': 0, 'primary_guild': None, 'id': '353692175256780800', 'global_name': 'memorex', 'display_name_styles': None, 'display_name': 'memorex', 'discriminator': '0', 'collectibles': None, 'bot': False, 'avatar_decoration_data': None, 'avatar': 'f486a11c866feefc022395cde19e9e08'}, 'roles': [], 'premium_since': None, 'pending': False, 'nick': None, 'mute': False, 'joined_at': '2025-08-16T19:48:40.690000+00:00', 'flags': 0, 'deaf': False, 'communication_disabled_until': None, 'banner': None, 'avatar': None}, 'channel_id': '1406364059787591776', 'guild_id': '1406364059049136240'}}
[2025-08-16 16:54:07] [DEBUG   ] discord.client: Dispatching event socket_event_type
[2025-08-16 16:54:07] [DEBUG   ] discord.client: Dispatching event typing
[2025-08-16 16:54:07] [DEBUG   ] discord.client: Dispatching event raw_typing
[2025-08-16 16:54:09] [DEBUG   ] discord.gateway: For Shard ID None: WebSocket Event: {'t': 'MESSAGE_CREATE', 's': 7, 'op': 0, 'd': {'type': 0, 'tts': False, 'timestamp': '2025-08-16T20:54:11.369000+00:00', 'pinned': False, 'nonce': '1406380538092060672', 'mentions': [], 'mention_roles': [], 'mention_everyone': False, 'member': {'roles': [], 'premium_since': None, 'pending': False, 'nick': None, 'mute': False, 'joined_at': '2025-08-16T19:48:40.690000+00:00', 'flags': 0, 'deaf': False, 'communication_disabled_until': None, 'banner': None, 'avatar': None}, 'id': '1406380545646133370', 'flags': 0, 'embeds': [], 'edited_timestamp': None, 'content': '!poll hello?', 'components': [], 'channel_type': 0, 'channel_id': '1406364059787591776', 'author': {'username': 'memorex7668', 'public_flags': 0, 'primary_guild': None, 'id': '353692175256780800', 'global_name': 'memorex', 'display_name_styles': None, 'discriminator': '0', 'collectibles': None, 'clan': None, 'avatar_decoration_data': None, 'avatar': 'f486a11c866feefc022395cde19e9e08'}, 'attachments': [], 'guild_id': '1406364059049136240'}}
[2025-08-16 16:54:09] [DEBUG   ] discord.client: Dispatching event socket_event_type
[2025-08-16 16:54:09] [DEBUG   ] discord.client: Dispatching event message
[2025-08-16 16:54:16] [DEBUG   ] discord.gateway: For Shard ID None: WebSocket Event: {'t': 'MESSAGE_DELETE', 's': 8, 'op': 0, 'd': {'id': '1406380545646133370', 'channel_id': '1406364059787591776', 'guild_id': '1406364059049136240'}}
[2025-08-16 16:54:16] [DEBUG   ] discord.client: Dispatching event socket_event_type
[2025-08-16 16:54:16] [DEBUG   ] discord.client: Dispatching event raw_message_delete
[2025-08-16 16:54:16] [DEBUG   ] discord.client: Dispatching event message_delete
[2025-08-16 16:54:20] [DEBUG   ] discord.gateway: For Shard ID None: WebSocket Event: {'t': 'MESSAGE_DELETE', 's': 9, 'op': 0, 'd': {'id': '1406380505494192253', 'channel_id': '1406364059787591776', 'guild_id': '1406364059049136240'}}
[2025-08-16 16:54:20] [DEBUG   ] discord.client: Dispatching event socket_event_type
[2025-08-16 16:54:20] [DEBUG   ] discord.client: Dispatching event raw_message_delete
[2025-08-16 16:54:20] [DEBUG   ] discord.client: Dispatching event message_delete
[2025-08-16 16:54:27] [DEBUG   ] discord.gateway: For Shard ID None: WebSocket Event: {'t': 'MESSAGE_CREATE', 's': 10, 'op': 0, 'd': {'type': 0, 'tts': False, 'timestamp': '2025-08-16T20:54:29.495000+00:00', 'pinned': False, 'nonce': '1406380614545833984', 'mentions': [], 'mention_roles': [], 'mention_everyone': False, 'member': {'roles': [], 'premium_since': None, 'pending': False, 'nick': None, 'mute': False, 'joined_at': '2025-08-16T19:48:40.690000+00:00', 'flags': 0, 'deaf': False, 'communication_disabled_until': None, 'banner': None, 'avatar': None}, 'id': '1406380621672087613', 'flags': 0, 'embeds': [], 'edited_timestamp': None, 'content': '/poll is it working?', 'components': [], 'channel_type': 0, 'channel_id': '1406364059787591776', 'author': {'username': 'memorex7668', 'public_flags': 0, 'primary_guild': None, 'id': '353692175256780800', 'global_name': 'memorex', 'display_name_styles': None, 'discriminator': '0', 'collectibles': None, 'clan': None, 'avatar_decoration_data': None, 'avatar': 'f486a11c866feefc022395cde19e9e08'}, 'attachments': [], 'guild_id': '1406364059049136240'}}
[2025-08-16 16:54:27] [DEBUG   ] discord.client: Dispatching event socket_event_type
[2025-08-16 16:54:27] [DEBUG   ] discord.client: Dispatching event message
[2025-08-16 16:54:27] [DEBUG   ] discord.client: Dispatching event command
[2025-08-16 16:54:28] [DEBUG   ] discord.gateway: For Shard ID None: WebSocket Event: {'t': 'MESSAGE_CREATE', 's': 11, 'op': 0, 'd': {'type': 0, 'tts': False, 'timestamp': '2025-08-16T20:54:29.847000+00:00', 'pinned': False, 'nonce': '968362539246042310', 'mentions': [], 'mention_roles': [], 'mention_everyone': False, 'member': {'roles': ['1406370490561462436'], 'premium_since': None, 'pending': False, 'nick': None, 'mute': False, 'joined_at': '2025-08-16T20:14:14.158956+00:00', 'flags': 0, 'deaf': False, 'communication_disabled_until': None, 'banner': None, 'avatar': None}, 'id': '1406380623148486766', 'flags': 0, 'embeds': [{'type': 'rich', 'title': 'new poll', 'id': '1406380623148486767', 'description': 'is it working?', 'content_scan_version': 0, 'color': 65280}], 'edited_timestamp': None, 'content': '', 'components': [], 'channel_type': 0, 'channel_id': '1406364059787591776', 'author': {'username': 'Crypto_Market_Analyzer', 'public_flags': 0, 'primary_guild': None, 'id': '1406366965580431481', 'global_name': None, 'display_name_styles': None, 'discriminator': '2976', 'collectibles': None, 'clan': None, 'bot': True, 'avatar_decoration_data': None, 'avatar': None}, 'attachments': [], 'guild_id': '1406364059049136240'}}
[2025-08-16 16:54:28] [DEBUG   ] discord.client: Dispatching event socket_event_type
[2025-08-16 16:54:28] [DEBUG   ] discord.client: Dispatching event message
[2025-08-16 16:54:28] [DEBUG   ] discord.http: POST https://discord.com/api/v10/channels/1406364059787591776/messages with {"embeds":[{"flags":0,"color":65280,"type":"rich","description":"is it working?","title":"new poll"}],"content":null,"components":[],"nonce":"968362539246042310","enforce_nonce":true,"tts":false} has returned 200
[2025-08-16 16:54:28] [DEBUG   ] discord.http: POST /channels/{channel_id}/messages has found its initial rate limit bucket hash (3df15bae86f6647dd4dfcbd5c6949480).
[2025-08-16 16:54:28] [DEBUG   ] discord.http: POST https://discord.com/api/v10/channels/1406364059787591776/messages has received {'type': 0, 'content': '', 'mentions': [], 'mention_roles': [], 'attachments': [], 'embeds': [{'type': 'rich', 'title': 'new poll', 'description': 'is it working?', 'color': 65280, 'content_scan_version': 0}], 'timestamp': '2025-08-16T20:54:29.847000+00:00', 'edited_timestamp': None, 'flags': 0, 'components': [], 'id': '1406380623148486766', 'channel_id': '1406364059787591776', 'author': {'id': '1406366965580431481', 'username': 'Crypto_Market_Analyzer', 'avatar': None, 'discriminator': '2976', 'public_flags': 0, 'flags': 0, 'bot': True, 'banner': None, 'accent_color': None, 'global_name': None, 'avatar_decoration_data': None, 'collectibles': None, 'display_name_styles': None, 'banner_color': None, 'clan': None, 'primary_guild': None}, 'pinned': False, 'mention_everyone': False, 'tts': False, 'nonce': '968362539246042310'}
[2025-08-16 16:54:28] [DEBUG   ] discord.client: Dispatching event command_error
[2025-08-16 16:54:28] [ERROR   ] discord.ext.commands.bot: Ignoring exception in command poll
Traceback (most recent call last):
  File "C:\Users\batb2\AppData\Roaming\Python\Python313\site-packages\discord\ext\commands\core.py", line 235, in wrapped
    ret = await coro(*args, **kwargs)
          ^^^^^^^^^^^^^^^^^^^^^^^^^^^
  File "c:\Users\batb2\Programming\CryptoBotDiscord\CrypBot\main.py", line 58, in poll
    await poll_message.add_rection("üëç")
          ^^^^^^^^^^^^^^^^^^^^^^^^
AttributeError: 'Message' object has no attribute 'add_rection'. Did you mean: 'add_reaction'?

The above exception was the direct cause of the following exception:

Traceback (most recent call last):
  File "C:\Users\batb2\AppData\Roaming\Python\Python313\site-packages\discord\ext\commands\bot.py", line 1366, in invoke
    await ctx.command.invoke(ctx)
  File "C:\Users\batb2\AppData\Roaming\Python\Python313\site-packages\discord\ext\commands\core.py", line 1029, in invoke
    await injected(*ctx.args, **ctx.kwargs)  # type: ignore
    ^^^^^^^^^^^^^^^^^^^^^^^^^^^^^^^^^^^^^^^
  File "C:\Users\batb2\AppData\Roaming\Python\Python313\site-packages\discord\ext\commands\core.py", line 244, in wrapped
    raise CommandInvokeError(exc) from exc
discord.ext.commands.errors.CommandInvokeError: Command raised an exception: AttributeError: 'Message' object has no attribute 'add_rection'
[2025-08-16 16:54:29] [DEBUG   ] discord.gateway: Keeping shard ID None websocket alive with sequence 11.
[2025-08-16 16:54:29] [DEBUG   ] discord.gateway: For Shard ID None: WebSocket Event: {'t': None, 's': None, 'op': 11, 'd': None}
[2025-08-16 16:54:36] [DEBUG   ] discord.gateway: For Shard ID None: WebSocket Event: {'t': 'MESSAGE_REACTION_ADD', 's': 12, 'op': 0, 'd': {'user_id': '353692175256780800', 'type': 0, 'message_id': '1406380623148486766', 'message_author_id': '1406366965580431481', 'member': {'user': {'username': 'memorex7668', 'public_flags': 0, 'primary_guild': None, 'id': '353692175256780800', 'global_name': 'memorex', 'display_name_styles': None, 'display_name': 'memorex', 'discriminator': '0', 'collectibles': None, 'bot': False, 'avatar_decoration_data': None, 'avatar': 'f486a11c866feefc022395cde19e9e08'}, 'roles': [], 'premium_since': None, 'pending': False, 'nick': None, 'mute': False, 'joined_at': '2025-08-16T19:48:40.690000+00:00', 'flags': 0, 'deaf': False, 'communication_disabled_until': None, 'banner': None, 'avatar': None}, 'emoji': {'name': 'üëç', 'id': None}, 'channel_id': '1406364059787591776', 'burst': False, 'guild_id': '1406364059049136240'}}
[2025-08-16 16:54:36] [DEBUG   ] discord.client: Dispatching event socket_event_type
[2025-08-16 16:54:36] [DEBUG   ] discord.client: Dispatching event raw_reaction_add
[2025-08-16 16:54:36] [DEBUG   ] discord.client: Dispatching event reaction_add
[2025-08-16 16:54:39] [DEBUG   ] discord.gateway: For Shard ID None: WebSocket Event: {'t': 'MESSAGE_REACTION_REMOVE', 's': 13, 'op': 0, 'd': {'user_id': '353692175256780800', 'type': 0, 'message_id': '1406380623148486766', 'emoji': {'name': 'üëç', 'id': None}, 'channel_id': '1406364059787591776', 'burst': False, 'guild_id': '1406364059049136240'}}
[2025-08-16 16:54:39] [DEBUG   ] discord.client: Dispatching event socket_event_type
[2025-08-16 16:54:39] [DEBUG   ] discord.client: Dispatching event raw_reaction_remove
[2025-08-16 16:54:39] [DEBUG   ] discord.client: Dispatching event reaction_remove
[2025-08-16 16:55:11] [DEBUG   ] discord.gateway: Keeping shard ID None websocket alive with sequence 13.
[2025-08-16 16:55:11] [DEBUG   ] discord.gateway: For Shard ID None: WebSocket Event: {'t': None, 's': None, 'op': 11, 'd': None}
